<?xml version="1.0" encoding="UTF-8"?>
<testsuite xmlns:xsi="http://www.w3.org/2001/XMLSchema-instance" xsi:noNamespaceSchemaLocation="https://maven.apache.org/surefire/maven-surefire-plugin/xsd/surefire-test-report-3.0.xsd" version="3.0" name="io.vertx.nms.http.ApiServerTest" time="3.213" tests="11" errors="0" skipped="0" failures="0">
  <properties>
[...]
</properties>
  <testcase name="testDiscoveryRun(VertxTestContext)" classname="io.vertx.nms.http.ApiServerTest" time="2.526">
    <system-out><![CDATA[2025-03-29 15:27:21 [main] INFO  io.vertx.nms.http.ApiServerTest - Killed existing go_plugin if any.
2025-03-29 15:27:21 [main] INFO  io.vertx.nms.http.ApiServerTest - go_plugin started successfully.
2025-03-29 15:27:22 [vert.x-eventloop-thread-1] INFO  io.vertx.nms.http.ApiServer - HTTP Server is listening on port 8080
2025-03-29 15:27:22 [vert.x-eventloop-thread-3] INFO  io.vertx.nms.database.Database - Checked and ensured tables exist.
2025-03-29 15:27:22 [vert.x-eventloop-thread-3] INFO  io.vertx.nms.database.Database -  DatabaseVerticle Eventbus is ready to listen
2025-03-29 15:27:22 [vert.x-eventloop-thread-4] DEBUG io.vertx.nms.messaging.ZmqMessenger - zmq message verticle
2025-03-29 15:27:22 [vert.x-eventloop-thread-1] INFO  io.vertx.nms.http.ApiServer - Discovery Run/:97
2025-03-29 15:27:22 [vert.x-eventloop-thread-3] INFO  io.vertx.nms.database.Database - Executing query: select dp.id, dp.ip, dp.port, cp.id as credential_profile_id, cp.system_type, cp.credentials from discovery_profiles dp join credential_profile cp on dp.credential_profile_id = cp.id where dp.id = $1
2025-03-29 15:27:22 [vert.x-eventloop-thread-3] INFO  io.vertx.nms.database.Database - Inserting into cache for query: select dp.id, dp.ip, dp.port, cp.id as credential_profile_id, cp.system_type, cp.credentials from discovery_profiles dp join credential_profile cp on dp.credential_profile_id = cp.id where dp.id = $1 with 1 rows
2025-03-29 15:27:22 [vert.x-eventloop-thread-1] INFO  io.vertx.nms.http.Service - Found IP for request: 192.168.92.223
2025-03-29 15:27:24 [vert.x-eventloop-thread-1] INFO  io.vertx.nms.http.Service - ZMQ Response: {"community":"public","data":{"systemName":"jenil-ThinkPad-T14s-Gen-1"},"ip":"192.168.92.223","pluginType":"snmp","port":161,"requestType":"discovery","status":"success","version":"2c"}
2025-03-29 15:27:24 [vert.x-eventloop-thread-3] INFO  io.vertx.nms.database.Database - Executing query: update discovery_profiles set status = $1 where id = $2
]]></system-out>
  </testcase>
  <testcase name="testCredentialProfileGet(VertxTestContext)" classname="io.vertx.nms.http.ApiServerTest" time="0.01">
    <system-out><![CDATA[2025-03-29 15:27:24 [vert.x-eventloop-thread-1] INFO  io.vertx.nms.http.ApiServer - CredentialHandler Get/:1
2025-03-29 15:27:24 [vert.x-eventloop-thread-3] INFO  io.vertx.nms.database.Database - Executing query: select * from credential_profile where id = $1
2025-03-29 15:27:24 [vert.x-eventloop-thread-3] INFO  io.vertx.nms.database.Database - Inserting into cache for query: select * from credential_profile where id = $1 with 1 rows
]]></system-out>
  </testcase>
  <testcase name="testGetInterfacesByError(VertxTestContext)" classname="io.vertx.nms.http.ApiServerTest" time="0.04">
    <system-out><![CDATA[2025-03-29 15:27:24 [vert.x-eventloop-thread-3] INFO  io.vertx.nms.database.Database - Executing query: with latest_polling as (
    select
        pj.ip,
        interface->>'interface.name' as interface_name,
        coalesce((interface->>'interface.sent.error.packets')::int, 0) +
        coalesce((interface->>'interface.received.error.packets')::int, 0) as total_errors
    from provisioning_jobs pj
    join lateral (
        select pd.data as interfaces
        from provision_data pd
        where pd.job_id = pj.id
        and pd.data->'interfaces' is not null
        order by to_timestamp(pd.polled_at / 1000.0) desc
        limit 1
    ) latest_pd on true
    cross join jsonb_array_elements(latest_pd.interfaces->'interfaces') as interface
)
select ip, interface_name, total_errors, rank
from (
    select
        ip,
        interface_name,
        total_errors,
        dense_rank() over (order by total_errors desc) as rank
    from latest_polling
    where total_errors > 0
) ranked
where rank <= 10;
2025-03-29 15:27:24 [vert.x-eventloop-thread-3] INFO  io.vertx.nms.database.Database - Skipping cache for query: with latest_polling as (
    select
        pj.ip,
        interface->>'interface.name' as interface_name,
        coalesce((interface->>'interface.sent.error.packets')::int, 0) +
        coalesce((interface->>'interface.received.error.packets')::int, 0) as total_errors
    from provisioning_jobs pj
    join lateral (
        select pd.data as interfaces
        from provision_data pd
        where pd.job_id = pj.id
        and pd.data->'interfaces' is not null
        order by to_timestamp(pd.polled_at / 1000.0) desc
        limit 1
    ) latest_pd on true
    cross join jsonb_array_elements(latest_pd.interfaces->'interfaces') as interface
)
select ip, interface_name, total_errors, rank
from (
    select
        ip,
        interface_name,
        total_errors,
        dense_rank() over (order by total_errors desc) as rank
    from latest_polling
    where total_errors > 0
) ranked
where rank <= 10; - either result too large (9 rows) or involves provision_data
]]></system-out>
  </testcase>
  <testcase name="testGetInterfacesBySpeed(VertxTestContext)" classname="io.vertx.nms.http.ApiServerTest" time="0.059">
    <system-out><![CDATA[2025-03-29 15:27:24 [vert.x-eventloop-thread-3] INFO  io.vertx.nms.database.Database - Executing query: with latest_polling as (
            select
                pj.ip,
                interface->>'interface.name' as interface_name,
                (interface->>'interface.speed')::bigint as speed
            from provisioning_jobs pj
            join lateral (
                select pd.data->'interfaces' as interfaces
                from provision_data pd
                where pd.job_id = pj.id
                and pd.data->'interfaces' is not null
                order by to_timestamp(pd.polled_at / 1000.0) desc
                limit 1
            ) latest_pd on true
            cross join jsonb_array_elements(latest_pd.interfaces) as interface
            where (interface->>'interface.speed') is not null
            and (interface->>'interface.speed') ~ '^[0-9]+$'
            and (interface->>'interface.speed')::bigint > 0
        )
        select ip, interface_name, speed, rank
        from (
            select
                ip,
                interface_name,
                speed,
                dense_rank() over (order by speed desc) as rank
            from latest_polling
        ) ranked
        where rank <= 10;
2025-03-29 15:27:24 [vert.x-eventloop-thread-3] INFO  io.vertx.nms.database.Database - Skipping cache for query: with latest_polling as (
            select
                pj.ip,
                interface->>'interface.name' as interface_name,
                (interface->>'interface.speed')::bigint as speed
            from provisioning_jobs pj
            join lateral (
                select pd.data->'interfaces' as interfaces
                from provision_data pd
                where pd.job_id = pj.id
                and pd.data->'interfaces' is not null
                order by to_timestamp(pd.polled_at / 1000.0) desc
                limit 1
            ) latest_pd on true
            cross join jsonb_array_elements(latest_pd.interfaces) as interface
            where (interface->>'interface.speed') is not null
            and (interface->>'interface.speed') ~ '^[0-9]+$'
            and (interface->>'interface.speed')::bigint > 0
        )
        select ip, interface_name, speed, rank
        from (
            select
                ip,
                interface_name,
                speed,
                dense_rank() over (order by speed desc) as rank
            from latest_polling
        ) ranked
        where rank <= 10; - either result too large (220 rows) or involves provision_data
]]></system-out>
  </testcase>
  <testcase name="testCredentialProfileCreate(VertxTestContext)" classname="io.vertx.nms.http.ApiServerTest" time="0.092">
    <system-out><![CDATA[2025-03-29 15:27:24 [vert.x-eventloop-thread-1] INFO  io.vertx.nms.http.ApiServer - CredentialHandler Post
2025-03-29 15:27:24 [vert.x-eventloop-thread-3] INFO  io.vertx.nms.database.Database - Executing query: insert into credential_profile (credential_profile_name, system_type, credentials) values ($1, $2, $3)
]]></system-out>
  </testcase>
  <testcase name="testCredentialProfileUpdate(VertxTestContext)" classname="io.vertx.nms.http.ApiServerTest" time="0.018">
    <system-out><![CDATA[2025-03-29 15:27:24 [vert.x-eventloop-thread-1] INFO  io.vertx.nms.http.ApiServer - CredentialHandler Put/:1
2025-03-29 15:27:24 [vert.x-eventloop-thread-3] INFO  io.vertx.nms.database.Database - Executing query: update credential_profile set credential_profile_name = $1, system_type = $2, credentials = $3 where id = $4
]]></system-out>
  </testcase>
  <testcase name="testUpdateProvisionStatus(VertxTestContext)" classname="io.vertx.nms.http.ApiServerTest" time="0.019">
    <system-out><![CDATA[2025-03-29 15:27:24 [vert.x-eventloop-thread-1] INFO  io.vertx.nms.http.ApiServer - ProvisionHandler PUT provision start/ 2
2025-03-29 15:27:24 [vert.x-eventloop-thread-3] INFO  io.vertx.nms.database.Database - Executing query: select * from discovery_profiles where id = $1
2025-03-29 15:27:24 [vert.x-eventloop-thread-3] INFO  io.vertx.nms.database.Database - Inserting into cache for query: select * from discovery_profiles where id = $1 with 1 rows
2025-03-29 15:27:24 [vert.x-eventloop-thread-3] INFO  io.vertx.nms.database.Database - Executing query: insert into provisioning_jobs (credential_profile_id, ip, port) values ($1, $2, $3)
2025-03-29 15:27:24 [vert.x-eventloop-thread-3] ERROR io.vertx.nms.database.Database - Database query failed: ERROR: duplicate key value violates unique constraint "provisioning_jobs_ip_key" (23505)
2025-03-29 15:27:24 [vert.x-eventloop-thread-3] INFO  io.vertx.nms.database.Database - Executing query: select id, deleted from provisioning_jobs where ip = $1
2025-03-29 15:27:24 [vert.x-eventloop-thread-3] INFO  io.vertx.nms.database.Database - Inserting into cache for query: select id, deleted from provisioning_jobs where ip = $1 with 1 rows
]]></system-out>
  </testcase>
  <testcase name="testDiscoveryProfileGet(VertxTestContext)" classname="io.vertx.nms.http.ApiServerTest" time="0.01">
    <system-out><![CDATA[2025-03-29 15:27:24 [vert.x-eventloop-thread-1] INFO  io.vertx.nms.http.ApiServer - Discovery Get/: 1
2025-03-29 15:27:24 [vert.x-eventloop-thread-3] INFO  io.vertx.nms.database.Database - Executing query: select * from discovery_profiles where id = $1
2025-03-29 15:27:24 [vert.x-eventloop-thread-3] INFO  io.vertx.nms.database.Database - Inserting into cache for query: select * from discovery_profiles where id = $1 with 1 rows
]]></system-out>
  </testcase>
  <testcase name="testDiscoveryProfileCreate(VertxTestContext)" classname="io.vertx.nms.http.ApiServerTest" time="0.051">
    <system-out><![CDATA[2025-03-29 15:27:25 [vert.x-eventloop-thread-1] INFO  io.vertx.nms.http.ApiServer - Discovery Post/: 
2025-03-29 15:27:25 [vert.x-eventloop-thread-3] INFO  io.vertx.nms.database.Database - Executing query: insert into discovery_profiles (discovery_profile_name, credential_profile_id, ip, port) values ($1, $2, $3, $4)
]]></system-out>
  </testcase>
  <testcase name="testGetProvisionData(VertxTestContext)" classname="io.vertx.nms.http.ApiServerTest" time="0.066">
    <system-out><![CDATA[2025-03-29 15:27:25 [vert.x-eventloop-thread-1] INFO  io.vertx.nms.http.ApiServer - ProvisionHandler GET /data/:discoveryProfileID 1
2025-03-29 15:27:25 [vert.x-eventloop-thread-3] INFO  io.vertx.nms.database.Database - Executing query: select data, polled_at from provision_data where job_id = $1 order by polled_at desc
2025-03-29 15:27:25 [vert.x-eventloop-thread-3] INFO  io.vertx.nms.database.Database - Skipping cache for query: select data, polled_at from provision_data where job_id = $1 order by polled_at desc - either result too large (62 rows) or involves provision_data
]]></system-out>
  </testcase>
  <testcase name="testDiscoveryProfileUpdate(VertxTestContext)" classname="io.vertx.nms.http.ApiServerTest" time="0.028">
    <system-out><![CDATA[2025-03-29 15:27:25 [vert.x-eventloop-thread-1] INFO  io.vertx.nms.http.ApiServer - Discovery Put/:1
2025-03-29 15:27:25 [vert.x-eventloop-thread-3] INFO  io.vertx.nms.database.Database - Executing query: select * from discovery_profiles where id = $1
2025-03-29 15:27:25 [vert.x-eventloop-thread-3] INFO  io.vertx.nms.database.Database - Inserting into cache for query: select * from discovery_profiles where id = $1 with 1 rows
2025-03-29 15:27:25 [vert.x-eventloop-thread-3] INFO  io.vertx.nms.database.Database - Executing query: update discovery_profiles set discovery_profile_name = $1, ip = $2, port = $3, credential_profile_id = $4 where id = $5
]]></system-out>
  </testcase>
</testsuite>