<?xml version="1.0" encoding="UTF-8"?>
<testsuite xmlns:xsi="http://www.w3.org/2001/XMLSchema-instance" xsi:noNamespaceSchemaLocation="https://maven.apache.org/surefire/maven-surefire-plugin/xsd/surefire-test-report-3.0.xsd" version="3.0" name="io.vertx.nms.polling.PollingIntegrationTest" time="20.304" tests="1" errors="0" skipped="0" failures="0">
  <properties>
[...]
</properties>
  <testcase name="testFullPollingFlow(Vertx, VertxTestContext)" classname="io.vertx.nms.polling.PollingIntegrationTest" time="20.286">
    <system-out><![CDATA[2025-03-31 17:16:26 [main] INFO  i.v.n.polling.PollingIntegrationTest - Killed existing go_plugin if any.
2025-03-31 17:16:26 [main] INFO  i.v.n.polling.PollingIntegrationTest - go_plugin started successfully.
2025-03-31 17:16:27 [vert.x-eventloop-thread-0] INFO  i.vertx.nms.polling.PollingScheduler - Scheduler started
2025-03-31 17:16:27 [vert.x-eventloop-thread-2] INFO  i.vertx.nms.polling.PollingProcessor - Polling Worker started
2025-03-31 17:16:27 [vert.x-eventloop-thread-3] DEBUG io.vertx.nms.messaging.ZmqMessenger - zmq message verticle
2025-03-31 17:16:27 [main] INFO  i.v.n.polling.PollingIntegrationTest - Starting testFullPollingFlow
2025-03-31 17:16:29 [vert.x-eventloop-thread-1] INFO  i.v.n.polling.PollingIntegrationTest - Received database request: {
  "query" : "SELECT p.id AS job_id, p.ip, p.port, c.system_type, c.credentials FROM provisioning_jobs p JOIN credential_profile c ON p.credential_profile_id = c.id where p.deleted = FALSE ORDER BY p.id LIMIT $1 OFFSET $2",
  "params" : [ 1000, 0 ]
}
2025-03-31 17:16:29 [vert.x-eventloop-thread-0] INFO  i.vertx.nms.polling.PollingScheduler - Scheduling batch of 15 devices (Offset: 0)
2025-03-31 17:16:29 [vert.x-eventloop-thread-0] INFO  i.vertx.nms.polling.PollingScheduler - Last batch fetched (Size: 15). Stopping further fetches.
2025-03-31 17:16:29 [vert.x-eventloop-thread-2] INFO  i.vertx.nms.polling.PollingProcessor - received batch of 15
2025-03-31 17:16:47 [vert.x-eventloop-thread-2] INFO  i.vertx.nms.polling.PollingProcessor - flushing batch 15
2025-03-31 17:16:47 [vert.x-eventloop-thread-2] INFO  i.vertx.nms.polling.PollingProcessor - Storing 15 SNMP records in batch...
2025-03-31 17:16:47 [vert.x-eventloop-thread-1] INFO  i.v.n.polling.PollingIntegrationTest - Received database request: {
  "query" : "insert into provision_data (job_id, data, polled_at) values ($1, $2, $3),($4, $5, $6),($7, $8, $9),($10, $11, $12),($13, $14, $15),($16, $17, $18),($19, $20, $21),($22, $23, $24),($25, $26, $27),($28, $29, $30),($31, $32, $33),($34, $35, $36),($37, $38, $39),($40, $41, $42),($43, $44, $45)",
  "params" : [ 4, {
    "error" : "SNMP connection failed",
    "message" : "request timeout (after 0 retries)"
  }, 1743421590112, 3, {
    "error" : "SNMP connection failed",
    "message" : "request timeout (after 0 retries)"
  }, 1743421590112, 5, {
    "error" : "SNMP connection failed",
    "message" : "request timeout (after 0 retries)"
  }, 1743421590112, 2, {
    "error" : "SNMP connection failed",
    "message" : "request timeout (after 0 retries)"
  }, 1743421590112, 6, {
    "error" : "SNMP connection failed",
    "message" : "request timeout (after 0 retries)"
  }, 1743421590112, 1, {
    "error" : "SNMP connection failed",
    "message" : "request timeout (after 0 retries)"
  }, 1743421590113, 10, {
    "error" : "SNMP connection failed",
    "message" : "request timeout (after 0 retries)"
  }, 1743421590113, 7, {
    "error" : "SNMP connection failed",
    "message" : "request timeout (after 0 retries)"
  }, 1743421590113, 13, {
    "error" : "SNMP connection failed",
    "message" : "request timeout (after 0 retries)"
  }, 1743421590113, 14, {
    "error" : "SNMP connection failed",
    "message" : "request timeout (after 0 retries)"
  }, 1743421590113, 9, {
    "error" : "SNMP connection failed",
    "message" : "request timeout (after 0 retries)"
  }, 1743421590113, 12, {
    "error" : "SNMP connection failed",
    "message" : "request timeout (after 0 retries)"
  }, 1743421590113, 8, {
    "error" : "SNMP connection failed",
    "message" : "request timeout (after 0 retries)"
  }, 1743421590114, 15, {
    "error" : "SNMP connection failed",
    "message" : "request timeout (after 0 retries)"
  }, 1743421590114, 11, {
    "error" : "SNMP connection failed",
    "message" : "request timeout (after 0 retries)"
  }, 1743421590114 ]
}
]]></system-out>
  </testcase>
</testsuite>