<?xml version="1.0" encoding="UTF-8"?>
<testsuite xmlns:xsi="http://www.w3.org/2001/XMLSchema-instance" xsi:noNamespaceSchemaLocation="https://maven.apache.org/surefire/maven-surefire-plugin/xsd/surefire-test-report-3.0.xsd" version="3.0" name="io.vertx.nms.http.ApiServerTest" time="4.566" tests="12" errors="0" skipped="0" failures="0">
  <properties>
[...]
</properties>
  <testcase name="testDiscoveryRun(VertxTestContext)" classname="io.vertx.nms.http.ApiServerTest" time="2.545">
    <system-out><![CDATA[2025-03-24 18:05:26 [vert.x-eventloop-thread-1] INFO  io.vertx.nms.http.ApiServer - HTTP Server is listening on port 8080
2025-03-24 18:05:26 [vert.x-eventloop-thread-3] INFO  io.vertx.nms.database.Database - Checked and ensured tables exist.
2025-03-24 18:05:26 [vert.x-eventloop-thread-3] INFO  io.vertx.nms.database.Database -  DatabaseVerticle Eventbus is ready to listen
2025-03-24 18:05:26 [vert.x-eventloop-thread-4] DEBUG io.vertx.nms.messaging.ZmqMessenger -  zmq message verticle 
2025-03-24 18:05:26 [vert.x-eventloop-thread-1] INFO  io.vertx.nms.http.ApiServer - Discovery Run/:210210
2025-03-24 18:05:26 [vert.x-eventloop-thread-3] INFO  io.vertx.nms.database.Database - Executing query: SELECT dp.id, dp.ip, dp.discovery_profile_name, cp.id as credential_profile_id, cp.system_type, cp.credentials FROM discovery_profiles dp JOIN credential_profile cp ON dp.credential_profile_id = cp.id WHERE dp.id = $1
2025-03-24 18:05:26 [vert.x-eventloop-thread-3] INFO  io.vertx.nms.database.Database - Inserting into cache for query: SELECT dp.id, dp.ip, dp.discovery_profile_name, cp.id as credential_profile_id, cp.system_type, cp.credentials FROM discovery_profiles dp JOIN credential_profile cp ON dp.credential_profile_id = cp.id WHERE dp.id = $1 with 1 rows
2025-03-24 18:05:26 [vert.x-eventloop-thread-1] INFO  io.vertx.nms.service.Service - Found IP for request: 10.20.40.233
2025-03-24 18:05:29 [vert.x-eventloop-thread-1] INFO  io.vertx.nms.service.Service - ZMQ Response: {"community":"public","data":{"systemName":"jenil-ThinkPad-T14s-Gen-1"},"ip":"10.20.40.233","pluginType":"snmp","requestType":"discovery","status":"success","version":"2c"}
2025-03-24 18:05:29 [vert.x-eventloop-thread-3] INFO  io.vertx.nms.database.Database - Executing query: UPDATE discovery_profiles SET status = true WHERE id = $2
]]></system-out>
  </testcase>
  <testcase name="testGetInterfacesByUptime(VertxTestContext)" classname="io.vertx.nms.http.ApiServerTest" time="1.328">
    <system-out><![CDATA[2025-03-24 18:05:29 [vert.x-eventloop-thread-3] INFO  io.vertx.nms.database.Database - Executing query:     WITH parsed_data AS (
        SELECT
            pj.ip,
            pd.job_id,
            pd.polled_at,
            pd.data->>'system.uptime' AS raw_uptime,
            REGEXP_REPLACE(pd.data->>'system.uptime', 'Uptime: ', '') AS clean_uptime,
            (
                COALESCE((regexp_match(pd.data->>'system.uptime', '(\d+) days'))[1]::INT, 0) * 86400 +
                COALESCE((regexp_match(pd.data->>'system.uptime', '(\d+) hours'))[1]::INT, 0) * 3600 +
                COALESCE((regexp_match(pd.data->>'system.uptime', '(\d+) minutes'))[1]::INT, 0) * 60 +
                COALESCE((regexp_match(pd.data->>'system.uptime', '(\d+) seconds'))[1]::INT, 0)
            ) AS uptime_seconds
        FROM provision_data pd
        JOIN provisioning_jobs pj ON pd.job_id = pj.id
        WHERE pd.data ? 'system.uptime'
        AND pd.polled_at >= NOW() - INTERVAL '7 days'
    ),
    sequential_polls AS (
        SELECT
            current.ip,
            current.job_id,
            current.polled_at,
            current.raw_uptime,
            current.uptime_seconds,
            prev.polled_at AS prev_polled_at,
            prev.raw_uptime AS prev_raw_uptime,
            prev.uptime_seconds AS prev_uptime_seconds
        FROM parsed_data current
        JOIN LATERAL (
            SELECT p.polled_at, p.raw_uptime, p.uptime_seconds
            FROM parsed_data p
            WHERE p.job_id = current.job_id
            AND p.polled_at < current.polled_at
            ORDER BY p.polled_at DESC
            LIMIT 1
        ) prev ON true
    ),
    reboot_events AS (
        SELECT
            ip,
            job_id,
            polled_at,
            raw_uptime,
            uptime_seconds,
            prev_polled_at,
            prev_raw_uptime,
            prev_uptime_seconds
        FROM sequential_polls
        WHERE uptime_seconds < prev_uptime_seconds
    ),
    reboot_counts AS (
        SELECT
            ip,
            job_id,
            COUNT(*) AS reboot_count
        FROM reboot_events
        GROUP BY ip, job_id
        HAVING COUNT(*) > 0
    )
    SELECT
        ip,
        job_id,
        reboot_count,
        DENSE_RANK() OVER (ORDER BY reboot_count DESC) AS reboot_rank
    FROM reboot_counts
    ORDER BY reboot_rank ASC, ip
    LIMIT 10;

2025-03-24 18:05:30 [vert.x-eventloop-thread-3] INFO  io.vertx.nms.database.Database - Skipping cache for query:     WITH parsed_data AS (
        SELECT
            pj.ip,
            pd.job_id,
            pd.polled_at,
            pd.data->>'system.uptime' AS raw_uptime,
            REGEXP_REPLACE(pd.data->>'system.uptime', 'Uptime: ', '') AS clean_uptime,
            (
                COALESCE((regexp_match(pd.data->>'system.uptime', '(\d+) days'))[1]::INT, 0) * 86400 +
                COALESCE((regexp_match(pd.data->>'system.uptime', '(\d+) hours'))[1]::INT, 0) * 3600 +
                COALESCE((regexp_match(pd.data->>'system.uptime', '(\d+) minutes'))[1]::INT, 0) * 60 +
                COALESCE((regexp_match(pd.data->>'system.uptime', '(\d+) seconds'))[1]::INT, 0)
            ) AS uptime_seconds
        FROM provision_data pd
        JOIN provisioning_jobs pj ON pd.job_id = pj.id
        WHERE pd.data ? 'system.uptime'
        AND pd.polled_at >= NOW() - INTERVAL '7 days'
    ),
    sequential_polls AS (
        SELECT
            current.ip,
            current.job_id,
            current.polled_at,
            current.raw_uptime,
            current.uptime_seconds,
            prev.polled_at AS prev_polled_at,
            prev.raw_uptime AS prev_raw_uptime,
            prev.uptime_seconds AS prev_uptime_seconds
        FROM parsed_data current
        JOIN LATERAL (
            SELECT p.polled_at, p.raw_uptime, p.uptime_seconds
            FROM parsed_data p
            WHERE p.job_id = current.job_id
            AND p.polled_at < current.polled_at
            ORDER BY p.polled_at DESC
            LIMIT 1
        ) prev ON true
    ),
    reboot_events AS (
        SELECT
            ip,
            job_id,
            polled_at,
            raw_uptime,
            uptime_seconds,
            prev_polled_at,
            prev_raw_uptime,
            prev_uptime_seconds
        FROM sequential_polls
        WHERE uptime_seconds < prev_uptime_seconds
    ),
    reboot_counts AS (
        SELECT
            ip,
            job_id,
            COUNT(*) AS reboot_count
        FROM reboot_events
        GROUP BY ip, job_id
        HAVING COUNT(*) > 0
    )
    SELECT
        ip,
        job_id,
        reboot_count,
        DENSE_RANK() OVER (ORDER BY reboot_count DESC) AS reboot_rank
    FROM reboot_counts
    ORDER BY reboot_rank ASC, ip
    LIMIT 10;
 - either result too large (1 rows) or involves provision_data
]]></system-out>
  </testcase>
  <testcase name="testCredentialProfileGet(VertxTestContext)" classname="io.vertx.nms.http.ApiServerTest" time="0.009">
    <system-out><![CDATA[2025-03-24 18:05:30 [vert.x-eventloop-thread-1] INFO  io.vertx.nms.http.ApiServer - CredentialHandler Get/:67
2025-03-24 18:05:30 [vert.x-eventloop-thread-3] INFO  io.vertx.nms.database.Database - Executing query: SELECT * FROM credential_profile WHERE id = $1
2025-03-24 18:05:30 [vert.x-eventloop-thread-3] INFO  io.vertx.nms.database.Database - Inserting into cache for query: SELECT * FROM credential_profile WHERE id = $1 with 1 rows
]]></system-out>
  </testcase>
  <testcase name="testGetInterfacesByError(VertxTestContext)" classname="io.vertx.nms.http.ApiServerTest" time="0.007">
    <system-out><![CDATA[2025-03-24 18:05:30 [vert.x-eventloop-thread-3] INFO  io.vertx.nms.database.Database - Executing query: WITH latest_polling AS (
    SELECT
        pj.ip,
        interface->>'interface.name' AS interface_name,
        COALESCE((interface->>'interface.sent.error.packets')::INT, 0) +
        COALESCE((interface->>'interface.received.error.packets')::INT, 0) AS total_errors
    FROM provisioning_jobs pj
    JOIN LATERAL (
        SELECT pd.data AS interfaces
        FROM provision_data pd
        WHERE pd.job_id = pj.id
        AND pd.data->'interfaces' IS NOT NULL  -- Ensure 'interfaces' exists
        ORDER BY pd.polled_at DESC
        LIMIT 1
    ) latest_pd ON true
    CROSS JOIN jsonb_array_elements(latest_pd.interfaces->'interfaces') AS interface
)
SELECT ip, interface_name, total_errors, rank
FROM (
    SELECT
        ip,
        interface_name,
        total_errors,
        DENSE_RANK() OVER (ORDER BY total_errors DESC) AS rank
    FROM latest_polling
    WHERE total_errors > 0
) ranked
WHERE rank <= 10;

2025-03-24 18:05:30 [vert.x-eventloop-thread-3] INFO  io.vertx.nms.database.Database - Skipping cache for query: WITH latest_polling AS (
    SELECT
        pj.ip,
        interface->>'interface.name' AS interface_name,
        COALESCE((interface->>'interface.sent.error.packets')::INT, 0) +
        COALESCE((interface->>'interface.received.error.packets')::INT, 0) AS total_errors
    FROM provisioning_jobs pj
    JOIN LATERAL (
        SELECT pd.data AS interfaces
        FROM provision_data pd
        WHERE pd.job_id = pj.id
        AND pd.data->'interfaces' IS NOT NULL  -- Ensure 'interfaces' exists
        ORDER BY pd.polled_at DESC
        LIMIT 1
    ) latest_pd ON true
    CROSS JOIN jsonb_array_elements(latest_pd.interfaces->'interfaces') AS interface
)
SELECT ip, interface_name, total_errors, rank
FROM (
    SELECT
        ip,
        interface_name,
        total_errors,
        DENSE_RANK() OVER (ORDER BY total_errors DESC) AS rank
    FROM latest_polling
    WHERE total_errors > 0
) ranked
WHERE rank <= 10;
 - either result too large (4 rows) or involves provision_data
]]></system-out>
  </testcase>
  <testcase name="testGetInterfacesBySpeed(VertxTestContext)" classname="io.vertx.nms.http.ApiServerTest" time="0.035">
    <system-out><![CDATA[2025-03-24 18:05:30 [vert.x-eventloop-thread-3] INFO  io.vertx.nms.database.Database - Executing query:         WITH latest_polling AS (
            SELECT
                pj.ip,
                interface->>'interface.name' AS interface_name,
                (interface->>'interface.speed')::BIGINT AS speed
            FROM provisioning_jobs pj
            JOIN LATERAL (
                SELECT pd.data->'interfaces' AS interfaces
                FROM provision_data pd
                WHERE pd.job_id = pj.id
                AND pd.data->'interfaces' IS NOT NULL  -- Ensure 'interfaces' field exists
                ORDER BY pd.polled_at DESC
                LIMIT 1
            ) latest_pd ON true
            CROSS JOIN jsonb_array_elements(latest_pd.interfaces) AS interface
            WHERE (interface->>'interface.speed') IS NOT NULL
            AND (interface->>'interface.speed') ~ '^[0-9]+$'  -- Ensure speed is a valid number
            AND (interface->>'interface.speed')::BIGINT > 0  -- Ignore speed = 0
        )
        SELECT ip, interface_name, speed, rank
        FROM (
            SELECT
                ip,
                interface_name,
                speed,
                DENSE_RANK() OVER (ORDER BY speed DESC) AS rank
            FROM latest_polling
        ) ranked
        WHERE rank <= 10;

2025-03-24 18:05:30 [vert.x-eventloop-thread-3] INFO  io.vertx.nms.database.Database - Skipping cache for query:         WITH latest_polling AS (
            SELECT
                pj.ip,
                interface->>'interface.name' AS interface_name,
                (interface->>'interface.speed')::BIGINT AS speed
            FROM provisioning_jobs pj
            JOIN LATERAL (
                SELECT pd.data->'interfaces' AS interfaces
                FROM provision_data pd
                WHERE pd.job_id = pj.id
                AND pd.data->'interfaces' IS NOT NULL  -- Ensure 'interfaces' field exists
                ORDER BY pd.polled_at DESC
                LIMIT 1
            ) latest_pd ON true
            CROSS JOIN jsonb_array_elements(latest_pd.interfaces) AS interface
            WHERE (interface->>'interface.speed') IS NOT NULL
            AND (interface->>'interface.speed') ~ '^[0-9]+$'  -- Ensure speed is a valid number
            AND (interface->>'interface.speed')::BIGINT > 0  -- Ignore speed = 0
        )
        SELECT ip, interface_name, speed, rank
        FROM (
            SELECT
                ip,
                interface_name,
                speed,
                DENSE_RANK() OVER (ORDER BY speed DESC) AS rank
            FROM latest_polling
        ) ranked
        WHERE rank <= 10;
 - either result too large (440 rows) or involves provision_data
]]></system-out>
  </testcase>
  <testcase name="testCredentialProfileCreate(VertxTestContext)" classname="io.vertx.nms.http.ApiServerTest" time="0.114">
    <system-out><![CDATA[2025-03-24 18:05:30 [vert.x-eventloop-thread-1] INFO  io.vertx.nms.http.ApiServer - CredentialHandler Post
2025-03-24 18:05:30 [vert.x-eventloop-thread-3] INFO  io.vertx.nms.database.Database - Executing query: INSERT INTO credential_profile (credential_profile_name, system_type, credentials) VALUES ($1, $2, $3)
]]></system-out>
  </testcase>
  <testcase name="testCredentialProfileUpdate(VertxTestContext)" classname="io.vertx.nms.http.ApiServerTest" time="0.024">
    <system-out><![CDATA[2025-03-24 18:05:30 [vert.x-eventloop-thread-1] INFO  io.vertx.nms.http.ApiServer - CredentialHandler Put/:67
2025-03-24 18:05:30 [vert.x-eventloop-thread-3] INFO  io.vertx.nms.database.Database - Executing query: UPDATE credential_profile SET credential_profile_name = $1, system_type = $2, credentials = $3 WHERE id = $4
]]></system-out>
  </testcase>
  <testcase name="testUpdateProvisionStatus(VertxTestContext)" classname="io.vertx.nms.http.ApiServerTest" time="0.012">
    <system-out><![CDATA[2025-03-24 18:05:30 [vert.x-eventloop-thread-1] INFO  io.vertx.nms.http.ApiServer - ProvisionHandler PUT provision start/ 210128
2025-03-24 18:05:30 [vert.x-eventloop-thread-3] INFO  io.vertx.nms.database.Database - Executing query: SELECT * FROM discovery_profiles WHERE id = $1
2025-03-24 18:05:30 [vert.x-eventloop-thread-3] INFO  io.vertx.nms.database.Database - Inserting into cache for query: SELECT * FROM discovery_profiles WHERE id = $1 with 1 rows
2025-03-24 18:05:30 [vert.x-eventloop-thread-3] INFO  io.vertx.nms.database.Database - Executing query: INSERT INTO provisioning_jobs (credential_profile_id, ip) VALUES ($1, $2)
2025-03-24 18:05:30 [vert.x-eventloop-thread-3] ERROR io.vertx.nms.database.Database - Database query failed: ERROR: duplicate key value violates unique constraint "provisioning_jobs_ip_key" (23505)
2025-03-24 18:05:30 [vert.x-eventloop-thread-1] ERROR io.vertx.nms.service.Service - Provisioning insert failed: {"status":"fail","message":"ERROR: duplicate key value violates unique constraint \"provisioning_jobs_ip_key\" (23505)"}
]]></system-out>
  </testcase>
  <testcase name="testDiscoveryProfileGet(VertxTestContext)" classname="io.vertx.nms.http.ApiServerTest" time="0.006">
    <system-out><![CDATA[2025-03-24 18:05:30 [vert.x-eventloop-thread-1] INFO  io.vertx.nms.http.ApiServer - Discovery Get/: 210129
2025-03-24 18:05:30 [vert.x-eventloop-thread-3] INFO  io.vertx.nms.database.Database - Executing query: SELECT * FROM discovery_profiles WHERE id = $1
2025-03-24 18:05:30 [vert.x-eventloop-thread-3] INFO  io.vertx.nms.database.Database - Inserting into cache for query: SELECT * FROM discovery_profiles WHERE id = $1 with 1 rows
]]></system-out>
  </testcase>
  <testcase name="testDiscoveryProfileCreate(VertxTestContext)" classname="io.vertx.nms.http.ApiServerTest" time="0.032">
    <system-out><![CDATA[2025-03-24 18:05:30 [vert.x-eventloop-thread-1] INFO  io.vertx.nms.http.ApiServer - Discovery Post/: 
2025-03-24 18:05:30 [vert.x-eventloop-thread-3] INFO  io.vertx.nms.database.Database - Executing query: INSERT INTO discovery_profiles (discovery_profile_name, credential_profile_id, ip) VALUES ($1, $2, $3)
]]></system-out>
  </testcase>
  <testcase name="testGetProvisionData(VertxTestContext)" classname="io.vertx.nms.http.ApiServerTest" time="0.134">
    <system-out><![CDATA[2025-03-24 18:05:30 [vert.x-eventloop-thread-1] INFO  io.vertx.nms.http.ApiServer - ProvisionHandler GET /data/:discoveryProfileID 10152
2025-03-24 18:05:30 [vert.x-eventloop-thread-3] INFO  io.vertx.nms.database.Database - Executing query: SELECT data, polled_at FROM provision_data WHERE job_id = $1 ORDER BY polled_at DESC
2025-03-24 18:05:30 [vert.x-eventloop-thread-3] INFO  io.vertx.nms.database.Database - Skipping cache for query: SELECT data, polled_at FROM provision_data WHERE job_id = $1 ORDER BY polled_at DESC - either result too large (238 rows) or involves provision_data
]]></system-out>
  </testcase>
  <testcase name="testDiscoveryProfileUpdate(VertxTestContext)" classname="io.vertx.nms.http.ApiServerTest" time="0.033">
    <system-out><![CDATA[2025-03-24 18:05:30 [vert.x-eventloop-thread-1] INFO  io.vertx.nms.http.ApiServer - Discovery Put/:210129
2025-03-24 18:05:30 [vert.x-eventloop-thread-3] INFO  io.vertx.nms.database.Database - Executing query: SELECT * FROM discovery_profiles WHERE id = $1
2025-03-24 18:05:30 [vert.x-eventloop-thread-3] INFO  io.vertx.nms.database.Database - Inserting into cache for query: SELECT * FROM discovery_profiles WHERE id = $1 with 1 rows
2025-03-24 18:05:30 [vert.x-eventloop-thread-3] INFO  io.vertx.nms.database.Database - Executing query: UPDATE discovery_profiles SET discovery_profile_name = $1, ip = $2, credential_profile_id = $3 WHERE id = $4
]]></system-out>
  </testcase>
</testsuite>