<?xml version="1.0" encoding="UTF-8"?>
<testsuite xmlns:xsi="http://www.w3.org/2001/XMLSchema-instance" xsi:noNamespaceSchemaLocation="https://maven.apache.org/surefire/maven-surefire-plugin/xsd/surefire-test-report-3.0.xsd" version="3.0" name="io.vertx.nms.polling.PollingEngineIntegrationTest" time="15.256" tests="1" errors="1" skipped="0" failures="0">
  <properties>
[...]
</properties>
  <testcase name="testFullPollingFlow(Vertx, VertxTestContext)" classname="io.vertx.nms.polling.PollingEngineIntegrationTest" time="15.24">
    <error message="Test didn&apos;t complete within 10 seconds" type="java.util.concurrent.TimeoutException"><![CDATA[java.util.concurrent.TimeoutException: Test didn't complete within 10 seconds
	at io.vertx.nms.polling.PollingEngineIntegrationTest.lambda$testFullPollingFlow$3(PollingEngineIntegrationTest.java:98)
	at io.vertx.core.impl.VertxImpl$InternalTimerHandler.handle(VertxImpl.java:1056)
	at io.vertx.core.impl.VertxImpl$InternalTimerHandler.handle(VertxImpl.java:1027)
	at io.vertx.core.impl.ContextImpl.emit(ContextImpl.java:328)
	at io.vertx.core.impl.ContextImpl.emit(ContextImpl.java:321)
	at io.vertx.core.impl.ContextInternal.emit(ContextInternal.java:209)
	at io.vertx.core.impl.VertxImpl$InternalTimerHandler.run(VertxImpl.java:1045)
	at io.netty.util.concurrent.PromiseTask.runTask(PromiseTask.java:98)
	at io.netty.util.concurrent.ScheduledFutureTask.run(ScheduledFutureTask.java:153)
	at io.netty.util.concurrent.AbstractEventExecutor.runTask(AbstractEventExecutor.java:173)
	at io.netty.util.concurrent.AbstractEventExecutor.safeExecute(AbstractEventExecutor.java:166)
	at io.netty.util.concurrent.SingleThreadEventExecutor.runAllTasks(SingleThreadEventExecutor.java:469)
	at io.netty.channel.nio.NioEventLoop.run(NioEventLoop.java:569)
	at io.netty.util.concurrent.SingleThreadEventExecutor$4.run(SingleThreadEventExecutor.java:994)
	at io.netty.util.internal.ThreadExecutorMap$2.run(ThreadExecutorMap.java:74)
	at io.netty.util.concurrent.FastThreadLocalRunnable.run(FastThreadLocalRunnable.java:30)
	at java.base/java.lang.Thread.run(Thread.java:840)
]]></error>
    <system-out><![CDATA[2025-03-24 15:13:07 [vert.x-eventloop-thread-0] INFO  i.vertx.nms.polling.PollingProcessor - Polling Worker started
2025-03-24 15:13:07 [main] INFO  i.v.n.p.PollingEngineIntegrationTest - Starting testFullPollingFlow
2025-03-24 15:13:07 [vert.x-eventloop-thread-2] INFO  i.vertx.nms.polling.PollingProcessor - Polling Worker started
2025-03-24 15:13:07 [vert.x-eventloop-thread-3] DEBUG io.vertx.nms.messaging.ZmqMessenger -  zmq message verticle 
2025-03-24 15:13:07 [vert.x-eventloop-thread-1] INFO  i.v.n.p.PollingEngineIntegrationTest - Verticles deployed successfully
2025-03-24 15:13:22 [vert.x-eventloop-thread-1] ERROR i.v.n.p.PollingEngineIntegrationTest - Test didn't complete within 10 seconds
]]></system-out>
  </testcase>
</testsuite>