<?xml version="1.0" encoding="UTF-8"?>
<testsuite xmlns:xsi="http://www.w3.org/2001/XMLSchema-instance" xsi:noNamespaceSchemaLocation="https://maven.apache.org/surefire/maven-surefire-plugin/xsd/surefire-test-report-3.0.xsd" version="3.0" name="ApiServerTest" time="7.951" tests="12" errors="0" skipped="0" failures="0">
  <properties>
[...]
</properties>
  <testcase name="testDiscoveryRun(VertxTestContext)" classname="ApiServerTest" time="2.688">
    <system-out><![CDATA[2025-03-13 18:46:29 [vert.x-eventloop-thread-1] INFO  io.vertx.nms.Main - ZMQ server is available. Starting Vert.x application...
2025-03-13 18:46:29 [vert.x-eventloop-thread-1] WARN  io.vertx.core.impl.VertxImpl - You're already on a Vert.x context, are you sure you want to create a new Vertx instance?
2025-03-13 18:46:29 [vert.x-eventloop-thread-0] INFO  io.vertx.nms.http.ApiServer - HTTP Server is listening on port 8080
2025-03-13 18:46:29 [vert.x-eventloop-thread-1] INFO  io.vertx.nms.Main - HTTP server verticle deployed
2025-03-13 18:46:30 [vert.x-eventloop-thread-2] INFO  io.vertx.nms.database.Database - Checked and ensured tables exist.
2025-03-13 18:46:30 [vert.x-eventloop-thread-2] INFO  io.vertx.nms.database.Database - DatabaseService is listening on eventbus address: database.query.execute
2025-03-13 18:46:30 [vert.x-eventloop-thread-2] INFO  io.vertx.nms.database.Database - DatabaseVerticle Eventbus is ready to listen
2025-03-13 18:46:30 [vert.x-eventloop-thread-1] INFO  io.vertx.nms.Main - Database verticle deployed
2025-03-13 18:46:30 [vert.x-eventloop-thread-3] DEBUG io.vertx.nms.messaging.ZmqMessenger - vert.x-eventloop-thread-3 zmq message verticle 
2025-03-13 18:46:30 [vert.x-eventloop-thread-1] INFO  io.vertx.nms.Main - ZMQ Messenger verticle deployed
2025-03-13 18:46:30 [vert.x-eventloop-thread-1] INFO  io.vertx.nms.Main - Polling engine verticle deployed
2025-03-13 18:46:30 [vert.x-eventloop-thread-1] INFO  io.vertx.nms.Main - All verticles deployed successfully.
2025-03-13 18:46:30 [vert.x-eventloop-thread-0] INFO  io.vertx.nms.http.ApiServer - Discovery Run/:200089
2025-03-13 18:46:30 [vert.x-eventloop-thread-2] INFO  io.vertx.nms.database.Database - Executing query: SELECT dp.id, dp.ip, dp.discovery_profile_name, cp.id as credential_profile_id, cp.system_type, cp.credentials FROM discovery_profiles dp JOIN credential_profile cp ON dp.credential_profile_id = cp.id WHERE dp.id = $1
2025-03-13 18:46:30 [vert.x-eventloop-thread-0] INFO  io.vertx.nms.service.Service - Found IP for request: 192.168.228.223
2025-03-13 18:46:32 [vert.x-eventloop-thread-3] DEBUG io.vertx.nms.messaging.ZmqMessenger - vert.x-eventloop-thread-3 zmq.send request {"ip":"192.168.228.223","community":"public","version":"2c","pluginType":"snmp","requestType":"discovery"}
2025-03-13 18:46:32 [vert.x-eventloop-thread-3] DEBUG io.vertx.nms.messaging.ZmqMessenger - Thread[vert.x-eventloop-thread-3,5,main] Replying 
2025-03-13 18:46:32 [vert.x-eventloop-thread-0] INFO  io.vertx.nms.service.Service - ZMQ Response: {"community":"public","data":{"systemName":"jenil-ThinkPad-T14s-Gen-1"},"ip":"192.168.228.223","pluginType":"snmp","requestType":"discovery","status":"success","version":"2c"}
2025-03-13 18:46:32 [vert.x-eventloop-thread-2] INFO  io.vertx.nms.database.Database - Executing query: SELECT id,credential_profile_id FROM provisioning_jobs WHERE ip = $1
2025-03-13 18:46:32 [vert.x-eventloop-thread-0] INFO  io.vertx.nms.service.Service - Provisioning job already exists for profile id: 200089, returning existing ID: 61
]]></system-out>
  </testcase>
  <testcase name="testGetInterfacesByUptime(VertxTestContext)" classname="ApiServerTest" time="1.97">
    <system-out><![CDATA[2025-03-13 18:46:32 [vert.x-eventloop-thread-2] INFO  io.vertx.nms.database.Database - Executing query:     WITH uptime_seconds AS (
        SELECT
            job_id,
            polled_at,
            COALESCE(SPLIT_PART(REPLACE(data->>'system.uptime', 'Uptime: ', ''), ' days, ', 1)::INT, 0) * 86400 +
            COALESCE(SPLIT_PART(SPLIT_PART(REPLACE(data->>'system.uptime', 'Uptime: ', ''), ' days, ', 2), ' hours, ', 1)::INT, 0) * 3600 +
            COALESCE(SPLIT_PART(SPLIT_PART(REPLACE(data->>'system.uptime', 'Uptime: ', ''), ' hours, ', 2), ' minutes, ', 1)::INT, 0) * 60 +
            COALESCE(SPLIT_PART(SPLIT_PART(REPLACE(data->>'system.uptime', 'Uptime: ', ''), ' minutes, ', 2), ' seconds', 1)::INT, 0) AS total_seconds
        FROM provision_data
        WHERE polled_at >= NOW() - INTERVAL '7 days'
    ),
    reboot_detection AS (
        SELECT
            job_id,
            total_seconds,
            LAG(total_seconds) OVER (PARTITION BY job_id ORDER BY polled_at) AS prev_total_seconds
        FROM uptime_seconds
    ),
    reboot_counts AS (
        SELECT
            pj.ip AS device_ip,
            COUNT(*) FILTER (WHERE total_seconds < prev_total_seconds) AS reboot_count
        FROM reboot_detection rd
        JOIN provisioning_jobs pj ON rd.job_id = pj.id
        GROUP BY pj.ip
    )
    SELECT
        device_ip,
        reboot_count,
        DENSE_RANK() OVER (ORDER BY reboot_count DESC) AS rank
    FROM reboot_counts
    ORDER BY reboot_count DESC
    LIMIT 10;

]]></system-out>
  </testcase>
  <testcase name="testCredentialProfileGet(VertxTestContext)" classname="ApiServerTest" time="0.01">
    <system-out><![CDATA[2025-03-13 18:46:34 [vert.x-eventloop-thread-0] INFO  io.vertx.nms.http.ApiServer - CredentialHandler Get/:3
2025-03-13 18:46:34 [vert.x-eventloop-thread-2] INFO  io.vertx.nms.database.Database - Executing query: SELECT * FROM credential_profile WHERE id = $1
]]></system-out>
  </testcase>
  <testcase name="testGetInterfacesByError(VertxTestContext)" classname="ApiServerTest" time="0.591">
    <system-out><![CDATA[2025-03-13 18:46:34 [vert.x-eventloop-thread-2] INFO  io.vertx.nms.database.Database - Executing query: WITH error_data AS ( SELECT pj.ip,        interface->>'interface.name' AS interface_name,        SUM(            (interface->>'interface.sent.error.packets')::INT +            (interface->>'interface.received.error.packets')::INT        ) AS total_errors FROM provision_data pd JOIN provisioning_jobs pj ON pd.job_id = pj.id CROSS JOIN jsonb_array_elements(pd.data->'interfaces') AS interface WHERE pd.polled_at >= NOW() - INTERVAL '24 HOURS' GROUP BY pj.ip, interface->>'interface.name' ) SELECT ip,        interface_name,        total_errors,        DENSE_RANK() OVER (ORDER BY total_errors DESC) AS rank FROM error_data ORDER BY total_errors DESC LIMIT 10;
]]></system-out>
  </testcase>
  <testcase name="testGetInterfacesBySpeed(VertxTestContext)" classname="ApiServerTest" time="0.124">
    <system-out><![CDATA[2025-03-13 18:46:35 [vert.x-eventloop-thread-2] INFO  io.vertx.nms.database.Database - Executing query:         WITH error_data AS (
            SELECT pj.ip,
                   interface->>'interface.name' AS interface_name,
                   SUM(
                       (interface->>'interface.sent.error.packets')::INT +
                       (interface->>'interface.received.error.packets')::INT
                   ) AS total_errors
            FROM provision_data pd
            JOIN provisioning_jobs pj ON pd.job_id = pj.id
            CROSS JOIN jsonb_array_elements(pd.data->'interfaces') AS interface
            WHERE pd.polled_at >= NOW() - INTERVAL '24 HOURS'
            GROUP BY pj.ip, interface->>'interface.name'
        )
        SELECT ip,
               interface_name,
               total_errors,
               DENSE_RANK() OVER (ORDER BY total_errors DESC) AS rank
        FROM error_data
        ORDER BY total_errors DESC
        LIMIT 10;

]]></system-out>
  </testcase>
  <testcase name="testCredentialProfileCreate(VertxTestContext)" classname="ApiServerTest" time="0.086">
    <system-out><![CDATA[2025-03-13 18:46:35 [vert.x-eventloop-thread-0] INFO  io.vertx.nms.http.ApiServer - CredentialHandler Post
2025-03-13 18:46:35 [vert.x-eventloop-thread-2] INFO  io.vertx.nms.database.Database - Executing query: INSERT INTO credential_profile (credential_profile_name, system_type, credentials) VALUES ($1, $2, $3)
]]></system-out>
  </testcase>
  <testcase name="testCredentialProfileUpdate(VertxTestContext)" classname="ApiServerTest" time="0.013">
    <system-out><![CDATA[2025-03-13 18:46:35 [vert.x-eventloop-thread-0] INFO  io.vertx.nms.http.ApiServer - CredentialHandler Put/:3
2025-03-13 18:46:35 [vert.x-eventloop-thread-2] INFO  io.vertx.nms.database.Database - Executing query: UPDATE credential_profile SET credential_profile_name = $1, system_type = $2, credentials = $3 WHERE id = $4
]]></system-out>
  </testcase>
  <testcase name="testUpdateProvisionStatus(VertxTestContext)" classname="ApiServerTest" time="0.007">
    <system-out><![CDATA[2025-03-13 18:46:35 [vert.x-eventloop-thread-0] INFO  io.vertx.nms.http.ApiServer - ProvisionHandler PUT /:discoveryProfileId/:status 61 yes
2025-03-13 18:46:35 [vert.x-eventloop-thread-2] INFO  io.vertx.nms.database.Database - Executing query: UPDATE provisioning_jobs SET status = $1 WHERE id = $2
2025-03-13 18:46:35 [vert.x-eventloop-thread-0] INFO  io.vertx.nms.service.Service - Update result: {"status":"success","id":61,"message":"Query executed successfully"}
]]></system-out>
  </testcase>
  <testcase name="testDiscoveryProfileGet(VertxTestContext)" classname="ApiServerTest" time="0.005">
    <system-out><![CDATA[2025-03-13 18:46:35 [vert.x-eventloop-thread-0] INFO  io.vertx.nms.http.ApiServer - Discovery Get/: 200089
2025-03-13 18:46:35 [vert.x-eventloop-thread-2] INFO  io.vertx.nms.database.Database - Executing query: SELECT * FROM discovery_profiles WHERE id = $1
]]></system-out>
  </testcase>
  <testcase name="testDiscoveryProfileCreate(VertxTestContext)" classname="ApiServerTest" time="0.033">
    <system-out><![CDATA[2025-03-13 18:46:35 [vert.x-eventloop-thread-0] INFO  io.vertx.nms.http.ApiServer - Discovery Post/: 
2025-03-13 18:46:35 [vert.x-eventloop-thread-2] INFO  io.vertx.nms.database.Database - Executing query: INSERT INTO discovery_profiles (discovery_profile_name, credential_profile_id, ip) VALUES ($1, $2, $3)
]]></system-out>
  </testcase>
  <testcase name="testGetProvisionData(VertxTestContext)" classname="ApiServerTest" time="2.019">
    <system-out><![CDATA[2025-03-13 18:46:35 [vert.x-eventloop-thread-0] INFO  io.vertx.nms.http.ApiServer - ProvisionHandler GET /data/:discoveryProfileName 61
2025-03-13 18:46:35 [vert.x-eventloop-thread-2] INFO  io.vertx.nms.database.Database - Executing query: SELECT data, polled_at FROM provision_data WHERE job_id = $1 ORDER BY polled_at DESC
]]></system-out>
  </testcase>
  <testcase name="testDiscoveryProfileUpdate(VertxTestContext)" classname="ApiServerTest" time="0.032">
    <system-out><![CDATA[2025-03-13 18:46:37 [vert.x-eventloop-thread-0] INFO  io.vertx.nms.http.ApiServer - Discovery Put/:200089
2025-03-13 18:46:37 [vert.x-eventloop-thread-2] INFO  io.vertx.nms.database.Database - Executing query: UPDATE discovery_profiles SET discovery_profile_name = $1, ip = $2, credential_profile_id = $3 WHERE id = $4
]]></system-out>
  </testcase>
</testsuite>