<?xml version="1.0" encoding="UTF-8"?>
<testsuite xmlns:xsi="http://www.w3.org/2001/XMLSchema-instance" xsi:noNamespaceSchemaLocation="https://maven.apache.org/surefire/maven-surefire-plugin/xsd/surefire-test-report-3.0.xsd" version="3.0" name="ApiServerTest" time="3.291" tests="12" errors="0" skipped="0" failures="0">
  <properties>
[...]
</properties>
  <testcase name="testDiscoveryRun(VertxTestContext)" classname="ApiServerTest" time="2.523">
    <system-out><![CDATA[2025-03-18 14:11:24 [vert.x-eventloop-thread-1] INFO  io.vertx.nms.Main - ZMQ server is available. Starting Vert.x application...
2025-03-18 14:11:24 [vert.x-eventloop-thread-1] WARN  io.vertx.core.impl.VertxImpl - You're already on a Vert.x context, are you sure you want to create a new Vertx instance?
2025-03-18 14:11:24 [vert.x-eventloop-thread-0] ERROR io.vertx.nms.http.ApiServer - Failed to start HTTP server: Address already in use
2025-03-18 14:11:24 [vert.x-eventloop-thread-1] INFO  io.vertx.nms.Main - HTTP server verticle deployed
2025-03-18 14:11:24 [vert.x-eventloop-thread-2] INFO  io.vertx.nms.database.Database - Checked and ensured tables exist.
2025-03-18 14:11:24 [vert.x-eventloop-thread-2] INFO  io.vertx.nms.database.Database - DatabaseService is listening on eventbus address: database.query.execute
2025-03-18 14:11:24 [vert.x-eventloop-thread-2] INFO  io.vertx.nms.database.Database - DatabaseVerticle Eventbus is ready to listen
2025-03-18 14:11:24 [vert.x-eventloop-thread-1] INFO  io.vertx.nms.Main - Database verticle deployed
2025-03-18 14:11:24 [vert.x-eventloop-thread-3] DEBUG io.vertx.nms.messaging.ZmqMessenger - vert.x-eventloop-thread-3 zmq message verticle 
2025-03-18 14:11:24 [vert.x-eventloop-thread-1] INFO  io.vertx.nms.Main - ZMQ Messenger verticle deployed
2025-03-18 14:11:24 [vert.x-eventloop-thread-1] INFO  io.vertx.nms.Main - Polling engine verticle deployed
2025-03-18 14:11:24 [vert.x-eventloop-thread-1] INFO  io.vertx.nms.Main - All verticles deployed successfully.
]]></system-out>
  </testcase>
  <testcase name="testGetInterfacesByUptime(VertxTestContext)" classname="ApiServerTest" time="0.211"/>
  <testcase name="testCredentialProfileGet(VertxTestContext)" classname="ApiServerTest" time="0.012"/>
  <testcase name="testGetInterfacesByError(VertxTestContext)" classname="ApiServerTest" time="0.007"/>
  <testcase name="testGetInterfacesBySpeed(VertxTestContext)" classname="ApiServerTest" time="0.02"/>
  <testcase name="testCredentialProfileCreate(VertxTestContext)" classname="ApiServerTest" time="0.115"/>
  <testcase name="testCredentialProfileUpdate(VertxTestContext)" classname="ApiServerTest" time="0.016"/>
  <testcase name="testUpdateProvisionStatus(VertxTestContext)" classname="ApiServerTest" time="0.006"/>
  <testcase name="testDiscoveryProfileGet(VertxTestContext)" classname="ApiServerTest" time="0.005"/>
  <testcase name="testDiscoveryProfileCreate(VertxTestContext)" classname="ApiServerTest" time="0.033"/>
  <testcase name="testGetProvisionData(VertxTestContext)" classname="ApiServerTest" time="0.012"/>
  <testcase name="testDiscoveryProfileUpdate(VertxTestContext)" classname="ApiServerTest" time="0.028"/>
</testsuite>